<?xml version="1.0" encoding="UTF-8"?>
<!-- Generated by org.testng.reporters.JUnitXMLReporter -->
<testsuite ignored="0" hostname="DESKTOP-EMEUA3I" failures="0" tests="1" name="Test-Runner-Firefox-browser" time="48.941" errors="0" timestamp="2023-03-31T16:33:22 IST">
  <testcase classname="vtiger.OrganaizationTest.CreateOrganaizationTest1" name="CreateOrganaizationTest" time="21.032"/>
</testsuite> <!-- Test-Runner-Firefox-browser -->
