<?xml version="1.0" encoding="UTF-8"?>
<!-- Generated by org.testng.reporters.JUnitReportReporter -->
<testsuite hostname="DESKTOP-EMEUA3I" failures="0" tests="1" name="vtiger.CreateContactsWithOrganaizationTest.CreateContactWithOrganaization1" time="50.438" errors="0" timestamp="2023-04-06T10:55:11 IST" skipped="0">
  <testcase classname="vtiger.CreateContactsWithOrganaizationTest.CreateContactWithOrganaization1" name="CreateContactWithOrganaization" time="50.438"/>
  <system-out>
    <![CDATA[navigated to organaization link
navigated  organaization look up image
created organaization 
validated organaization 
navigated to contacts  link
navigated to contacts  look up image
created  contacts  with orgname
validated contacts  ]]>
  </system-out>
</testsuite> <!-- vtiger.CreateContactsWithOrganaizationTest.CreateContactWithOrganaization1 -->
