<?xml version="1.0" encoding="UTF-8"?>
<!-- Generated by org.testng.reporters.JUnitReportReporter -->
<testsuite hostname="DESKTOP-EMEUA3I" failures="0" tests="2" name="vtiger.ContactsTest.CreateContactsTest1" time="41.701" errors="0" timestamp="2023-04-06T10:55:11 IST" skipped="0">
  <testcase classname="vtiger.ContactsTest.CreateContactsTest1" name="demo" time="7.686"/>
  <system-out>
    <![CDATA[demo script]]>
  </system-out>
  <testcase classname="vtiger.ContactsTest.CreateContactsTest1" name="createContactsTest" time="34.015"/>
  <system-out>
    <![CDATA[navaigated to contacts link
navaigated to contacts look up image
created contacts 
validated contacts ]]>
  </system-out>
</testsuite> <!-- vtiger.ContactsTest.CreateContactsTest1 -->
