<?xml version="1.0" encoding="UTF-8"?>
<!-- Generated by org.testng.reporters.JUnitReportReporter -->
<testsuite hostname="DESKTOP-EMEUA3I" failures="0" tests="4" name="practice.DataProviderPractice" time="0.036" errors="0" timestamp="2023-03-27T11:46:59 IST" skipped="0">
  <testcase classname="practice.DataProviderPractice" name="addLaptopData" time="0.014"/>
  <system-out/>
  <testcase classname="practice.DataProviderPractice" name="addLaptopData" time="0.005"/>
  <system-out/>
  <testcase classname="practice.DataProviderPractice" name="addToCart" time="0.013"/>
  <system-out/>
  <testcase classname="practice.DataProviderPractice" name="addToCart" time="0.004"/>
  <system-out/>
</testsuite> <!-- practice.DataProviderPractice -->
