<?xml version="1.0" encoding="UTF-8"?>
<!-- Generated by org.testng.reporters.JUnitReportReporter -->
<testsuite hostname="DESKTOP-EMEUA3I" failures="0" tests="1" name="vtiger.OrganaizationTest.CreateOrganaizationTest1" time="31.222" errors="0" timestamp="2023-04-06T10:55:11 IST" skipped="0">
  <testcase classname="vtiger.OrganaizationTest.CreateOrganaizationTest1" name="CreateOrganaizationTest" time="31.222"/>
  <system-out>
    <![CDATA[navigated organaization link
navigated organaization look up image
created  organaization 
validated organaization ]]>
  </system-out>
</testsuite> <!-- vtiger.OrganaizationTest.CreateOrganaizationTest1 -->
