<?xml version="1.0" encoding="UTF-8"?>
<!-- Generated by org.testng.reporters.JUnitReportReporter -->
<testsuite hostname="DESKTOP-EMEUA3I" failures="0" tests="2" name="vtiger.ContactsTest.CreateContactsTest" time="48.818" errors="0" timestamp="2023-04-10T10:46:43 IST" skipped="0">
  <testcase classname="vtiger.ContactsTest.CreateContactsTest" name="createContactsTest" time="40.475"/>
  <system-out>
    <![CDATA[navaigated to contacts link
navaigated to contacts look up image
created contacts 
validated contacts ]]>
  </system-out>
  <testcase classname="vtiger.ContactsTest.CreateContactsTest" name="demo" time="8.343"/>
  <system-out>
    <![CDATA[demo script]]>
  </system-out>
</testsuite> <!-- vtiger.ContactsTest.CreateContactsTest -->
