<?xml version="1.0" encoding="UTF-8"?>
<!-- Generated by org.testng.reporters.JUnitReportReporter -->
<testsuite hostname="DESKTOP-EMEUA3I" failures="0" tests="1" name="vtiger.ContactsTest.CreateContactsTest" time="27.645" errors="0" timestamp="2023-04-18T14:09:37 IST" skipped="0">
  <testcase classname="vtiger.ContactsTest.CreateContactsTest" name="createContactsTest" time="27.645"/>
  <system-out>
    <![CDATA[navaigated to contacts link
navaigated to contacts look up image
created contacts 
validated contacts ]]>
  </system-out>
</testsuite> <!-- vtiger.ContactsTest.CreateContactsTest -->
