<?xml version="1.0" encoding="UTF-8"?>
<!-- Generated by org.testng.reporters.JUnitReportReporter -->
<testsuite hostname="DESKTOP-EMEUA3I" failures="0" tests="2" name="vtiger.OrganaizationTest.CreateOrganaizationTest" time="58.575" errors="0" timestamp="2023-04-18T19:41:39 IST" skipped="0">
  <testcase classname="vtiger.OrganaizationTest.CreateOrganaizationTest" name="CreateOrganaizationTest" time="51.580"/>
  <system-out>
    <![CDATA[navigated organaization link
navigated organaization look up image
created  organaization 
validated organaization ]]>
  </system-out>
  <testcase classname="vtiger.OrganaizationTest.CreateOrganaizationTest" name="demo" time="6.995"/>
  <system-out/>
</testsuite> <!-- vtiger.OrganaizationTest.CreateOrganaizationTest -->
