<?xml version="1.0" encoding="UTF-8"?>
<!-- Generated by org.testng.reporters.JUnitReportReporter -->
<testsuite hostname="DESKTOP-EMEUA3I" failures="0" tests="5" name="practice.TestNgPratice" time="0.068" errors="0" timestamp="2023-03-24T10:45:20 IST" skipped="0">
  <testcase classname="practice.TestNgPratice" name="updateUser" time="0.031"/>
  <system-out/>
  <testcase classname="practice.TestNgPratice" name="sample" time="0.006"/>
  <system-out/>
  <testcase classname="practice.TestNgPratice" name="createUser" time="0.023"/>
  <system-out/>
  <testcase classname="practice.TestNgPratice" name="createUser" time="0.003"/>
  <system-out/>
  <testcase classname="practice.TestNgPratice" name="deleteUser" time="0.005"/>
  <system-out/>
</testsuite> <!-- practice.TestNgPratice -->
